Analysis & Synthesis report for Stopwatch
Mon May 23 11:52:25 2022
Quartus Prime Version 18.1.0 Build 625 09/12/2018 SJ Lite Edition


---------------------
; Table of Contents ;
---------------------
  1. Legal Notice
  2. Analysis & Synthesis Summary
  3. Analysis & Synthesis Settings
  4. Parallel Compilation
  5. Analysis & Synthesis Source Files Read
  6. Analysis & Synthesis Resource Usage Summary
  7. Analysis & Synthesis Resource Utilization by Entity
  8. General Register Statistics
  9. Multiplexer Restructuring Statistics (Restructuring Performed)
 10. Parameter Settings for Inferred Entity Instance: Sec_Decoder:Lap_Sec_Decoder|lpm_divide:Div0
 11. Parameter Settings for Inferred Entity Instance: Sec_Decoder:Lap_Sec_Decoder|lpm_divide:Mod0
 12. Parameter Settings for Inferred Entity Instance: Sec_Decoder:Current_Sec_Decoder|lpm_divide:Div0
 13. Parameter Settings for Inferred Entity Instance: Sec_Decoder:Current_Sec_Decoder|lpm_divide:Mod0
 14. Port Connectivity Checks: "Controller:Stopwatch_Controller"
 15. Post-Synthesis Netlist Statistics for Top Partition
 16. Elapsed Time Per Partition
 17. Analysis & Synthesis Messages
 18. Analysis & Synthesis Suppressed Messages



----------------
; Legal Notice ;
----------------
Copyright (C) 2018  Intel Corporation. All rights reserved.
Your use of Intel Corporation's design tools, logic functions 
and other software and tools, and its AMPP partner logic 
functions, and any output files from any of the foregoing 
(including device programming or simulation files), and any 
associated documentation or information are expressly subject 
to the terms and conditions of the Intel Program License 
Subscription Agreement, the Intel Quartus Prime License Agreement,
the Intel FPGA IP License Agreement, or other applicable license
agreement, including, without limitation, that your use is for
the sole purpose of programming logic devices manufactured by
Intel and sold by Intel or its authorized distributors.  Please
refer to the applicable agreement for further details.



+-------------------------------------------------------------------------------+
; Analysis & Synthesis Summary                                                  ;
+---------------------------------+---------------------------------------------+
; Analysis & Synthesis Status     ; Successful - Mon May 23 11:52:25 2022       ;
; Quartus Prime Version           ; 18.1.0 Build 625 09/12/2018 SJ Lite Edition ;
; Revision Name                   ; Stopwatch                                   ;
; Top-level Entity Name           ; Stopwatch                                   ;
; Family                          ; Cyclone V                                   ;
; Logic utilization (in ALMs)     ; N/A                                         ;
; Total registers                 ; 47                                          ;
; Total pins                      ; 68                                          ;
; Total virtual pins              ; 0                                           ;
; Total block memory bits         ; 0                                           ;
; Total DSP Blocks                ; 0                                           ;
; Total HSSI RX PCSs              ; 0                                           ;
; Total HSSI PMA RX Deserializers ; 0                                           ;
; Total HSSI TX PCSs              ; 0                                           ;
; Total HSSI PMA TX Serializers   ; 0                                           ;
; Total PLLs                      ; 0                                           ;
; Total DLLs                      ; 0                                           ;
+---------------------------------+---------------------------------------------+


+---------------------------------------------------------------------------------------------------------------------------+
; Analysis & Synthesis Settings                                                                                             ;
+---------------------------------------------------------------------------------+--------------------+--------------------+
; Option                                                                          ; Setting            ; Default Value      ;
+---------------------------------------------------------------------------------+--------------------+--------------------+
; Device                                                                          ; 5CSXFC6D6F31C6     ;                    ;
; Top-level entity name                                                           ; Stopwatch          ; Stopwatch          ;
; Family name                                                                     ; Cyclone V          ; Cyclone V          ;
; Use smart compilation                                                           ; Off                ; Off                ;
; Enable parallel Assembler and Timing Analyzer during compilation                ; On                 ; On                 ;
; Enable compact report table                                                     ; Off                ; Off                ;
; Restructure Multiplexers                                                        ; Auto               ; Auto               ;
; MLAB Add Timing Constraints For Mixed-Port Feed-Through Mode Setting Don't Care ; Off                ; Off                ;
; Create Debugging Nodes for IP Cores                                             ; Off                ; Off                ;
; Preserve fewer node names                                                       ; On                 ; On                 ;
; Intel FPGA IP Evaluation Mode                                                   ; Enable             ; Enable             ;
; Verilog Version                                                                 ; Verilog_2001       ; Verilog_2001       ;
; VHDL Version                                                                    ; VHDL_1993          ; VHDL_1993          ;
; State Machine Processing                                                        ; Auto               ; Auto               ;
; Safe State Machine                                                              ; Off                ; Off                ;
; Extract Verilog State Machines                                                  ; On                 ; On                 ;
; Extract VHDL State Machines                                                     ; On                 ; On                 ;
; Ignore Verilog initial constructs                                               ; Off                ; Off                ;
; Iteration limit for constant Verilog loops                                      ; 5000               ; 5000               ;
; Iteration limit for non-constant Verilog loops                                  ; 250                ; 250                ;
; Add Pass-Through Logic to Inferred RAMs                                         ; On                 ; On                 ;
; Infer RAMs from Raw Logic                                                       ; On                 ; On                 ;
; Parallel Synthesis                                                              ; On                 ; On                 ;
; DSP Block Balancing                                                             ; Auto               ; Auto               ;
; NOT Gate Push-Back                                                              ; On                 ; On                 ;
; Power-Up Don't Care                                                             ; On                 ; On                 ;
; Remove Redundant Logic Cells                                                    ; Off                ; Off                ;
; Remove Duplicate Registers                                                      ; On                 ; On                 ;
; Ignore CARRY Buffers                                                            ; Off                ; Off                ;
; Ignore CASCADE Buffers                                                          ; Off                ; Off                ;
; Ignore GLOBAL Buffers                                                           ; Off                ; Off                ;
; Ignore ROW GLOBAL Buffers                                                       ; Off                ; Off                ;
; Ignore LCELL Buffers                                                            ; Off                ; Off                ;
; Ignore SOFT Buffers                                                             ; On                 ; On                 ;
; Limit AHDL Integers to 32 Bits                                                  ; Off                ; Off                ;
; Optimization Technique                                                          ; Balanced           ; Balanced           ;
; Carry Chain Length                                                              ; 70                 ; 70                 ;
; Auto Carry Chains                                                               ; On                 ; On                 ;
; Auto Open-Drain Pins                                                            ; On                 ; On                 ;
; Perform WYSIWYG Primitive Resynthesis                                           ; Off                ; Off                ;
; Auto ROM Replacement                                                            ; On                 ; On                 ;
; Auto RAM Replacement                                                            ; On                 ; On                 ;
; Auto DSP Block Replacement                                                      ; On                 ; On                 ;
; Auto Shift Register Replacement                                                 ; Auto               ; Auto               ;
; Allow Shift Register Merging across Hierarchies                                 ; Auto               ; Auto               ;
; Auto Clock Enable Replacement                                                   ; On                 ; On                 ;
; Strict RAM Replacement                                                          ; Off                ; Off                ;
; Allow Synchronous Control Signals                                               ; On                 ; On                 ;
; Force Use of Synchronous Clear Signals                                          ; Off                ; Off                ;
; Auto Resource Sharing                                                           ; Off                ; Off                ;
; Allow Any RAM Size For Recognition                                              ; Off                ; Off                ;
; Allow Any ROM Size For Recognition                                              ; Off                ; Off                ;
; Allow Any Shift Register Size For Recognition                                   ; Off                ; Off                ;
; Use LogicLock Constraints during Resource Balancing                             ; On                 ; On                 ;
; Ignore translate_off and synthesis_off directives                               ; Off                ; Off                ;
; Timing-Driven Synthesis                                                         ; On                 ; On                 ;
; Report Parameter Settings                                                       ; On                 ; On                 ;
; Report Source Assignments                                                       ; On                 ; On                 ;
; Report Connectivity Checks                                                      ; On                 ; On                 ;
; Ignore Maximum Fan-Out Assignments                                              ; Off                ; Off                ;
; Synchronization Register Chain Length                                           ; 3                  ; 3                  ;
; Power Optimization During Synthesis                                             ; Normal compilation ; Normal compilation ;
; HDL message level                                                               ; Level2             ; Level2             ;
; Suppress Register Optimization Related Messages                                 ; Off                ; Off                ;
; Number of Removed Registers Reported in Synthesis Report                        ; 5000               ; 5000               ;
; Number of Swept Nodes Reported in Synthesis Report                              ; 5000               ; 5000               ;
; Number of Inverted Registers Reported in Synthesis Report                       ; 100                ; 100                ;
; Clock MUX Protection                                                            ; On                 ; On                 ;
; Auto Gated Clock Conversion                                                     ; Off                ; Off                ;
; Block Design Naming                                                             ; Auto               ; Auto               ;
; SDC constraint protection                                                       ; Off                ; Off                ;
; Synthesis Effort                                                                ; Auto               ; Auto               ;
; Shift Register Replacement - Allow Asynchronous Clear Signal                    ; On                 ; On                 ;
; Pre-Mapping Resynthesis Optimization                                            ; Off                ; Off                ;
; Analysis & Synthesis Message Level                                              ; Medium             ; Medium             ;
; Disable Register Merging Across Hierarchies                                     ; Auto               ; Auto               ;
; Resource Aware Inference For Block RAM                                          ; On                 ; On                 ;
; Automatic Parallel Synthesis                                                    ; On                 ; On                 ;
; Partial Reconfiguration Bitstream ID                                            ; Off                ; Off                ;
+---------------------------------------------------------------------------------+--------------------+--------------------+


+------------------------------------------+
; Parallel Compilation                     ;
+----------------------------+-------------+
; Processors                 ; Number      ;
+----------------------------+-------------+
; Number detected on machine ; 8           ;
; Maximum allowed            ; 4           ;
;                            ;             ;
; Average used               ; 1.00        ;
; Maximum used               ; 4           ;
;                            ;             ;
; Usage by Processor         ; % Time Used ;
;     Processor 1            ; 100.0%      ;
;     Processors 2-4         ;   0.0%      ;
+----------------------------+-------------+


+----------------------------------------------------------------------------------------------------------------------------------------------------------------------------------------------------------------------------------------------------------------+
; Analysis & Synthesis Source Files Read                                                                                                                                                                                                                         ;
+----------------------------------+-----------------+------------------------------+------------------------------------------------------------------------------------------------------------------------------------------------------------------+---------+
; File Name with User-Entered Path ; Used in Netlist ; File Type                    ; File Name with Absolute Path                                                                                                                                     ; Library ;
+----------------------------------+-----------------+------------------------------+------------------------------------------------------------------------------------------------------------------------------------------------------------------+---------+
; Timer.sv                         ; yes             ; User SystemVerilog HDL File  ; C:/Users/Thinh Nguyen/OneDrive - RMIT University/EEET2475_s3818343_s3804791_Assignment/Quartus_Projects/Stopwatch/Stopwatch_Top_Level/Timer.sv                   ;         ;
; Sev_Seg_Display.sv               ; yes             ; User SystemVerilog HDL File  ; C:/Users/Thinh Nguyen/OneDrive - RMIT University/EEET2475_s3818343_s3804791_Assignment/Quartus_Projects/Stopwatch/Stopwatch_Top_Level/Sev_Seg_Display.sv         ;         ;
; Sec_Decoder.sv                   ; yes             ; User SystemVerilog HDL File  ; C:/Users/Thinh Nguyen/OneDrive - RMIT University/EEET2475_s3818343_s3804791_Assignment/Quartus_Projects/Stopwatch/Stopwatch_Top_Level/Sec_Decoder.sv             ;         ;
; Lap_Register.sv                  ; yes             ; User SystemVerilog HDL File  ; C:/Users/Thinh Nguyen/OneDrive - RMIT University/EEET2475_s3818343_s3804791_Assignment/Quartus_Projects/Stopwatch/Stopwatch_Top_Level/Lap_Register.sv            ;         ;
; Controller.sv                    ; yes             ; User SystemVerilog HDL File  ; C:/Users/Thinh Nguyen/OneDrive - RMIT University/EEET2475_s3818343_s3804791_Assignment/Quartus_Projects/Stopwatch/Stopwatch_Top_Level/Controller.sv              ;         ;
; Stopwatch.sv                     ; yes             ; User SystemVerilog HDL File  ; C:/Users/Thinh Nguyen/OneDrive - RMIT University/EEET2475_s3818343_s3804791_Assignment/Quartus_Projects/Stopwatch/Stopwatch_Top_Level/Stopwatch.sv               ;         ;
; lpm_divide.tdf                   ; yes             ; Megafunction                 ; c:/intelfpga_lite/18.1/quartus/libraries/megafunctions/lpm_divide.tdf                                                                                            ;         ;
; abs_divider.inc                  ; yes             ; Megafunction                 ; c:/intelfpga_lite/18.1/quartus/libraries/megafunctions/abs_divider.inc                                                                                           ;         ;
; sign_div_unsign.inc              ; yes             ; Megafunction                 ; c:/intelfpga_lite/18.1/quartus/libraries/megafunctions/sign_div_unsign.inc                                                                                       ;         ;
; aglobal181.inc                   ; yes             ; Megafunction                 ; c:/intelfpga_lite/18.1/quartus/libraries/megafunctions/aglobal181.inc                                                                                            ;         ;
; db/lpm_divide_3am.tdf            ; yes             ; Auto-Generated Megafunction  ; C:/Users/Thinh Nguyen/OneDrive - RMIT University/EEET2475_s3818343_s3804791_Assignment/Quartus_Projects/Stopwatch/Stopwatch_Top_Level/db/lpm_divide_3am.tdf      ;         ;
; db/sign_div_unsign_9kh.tdf       ; yes             ; Auto-Generated Megafunction  ; C:/Users/Thinh Nguyen/OneDrive - RMIT University/EEET2475_s3818343_s3804791_Assignment/Quartus_Projects/Stopwatch/Stopwatch_Top_Level/db/sign_div_unsign_9kh.tdf ;         ;
; db/alt_u_div_ose.tdf             ; yes             ; Auto-Generated Megafunction  ; C:/Users/Thinh Nguyen/OneDrive - RMIT University/EEET2475_s3818343_s3804791_Assignment/Quartus_Projects/Stopwatch/Stopwatch_Top_Level/db/alt_u_div_ose.tdf       ;         ;
; db/lpm_divide_62m.tdf            ; yes             ; Auto-Generated Megafunction  ; C:/Users/Thinh Nguyen/OneDrive - RMIT University/EEET2475_s3818343_s3804791_Assignment/Quartus_Projects/Stopwatch/Stopwatch_Top_Level/db/lpm_divide_62m.tdf      ;         ;
+----------------------------------+-----------------+------------------------------+------------------------------------------------------------------------------------------------------------------------------------------------------------------+---------+


+---------------------------------------------------------+
; Analysis & Synthesis Resource Usage Summary             ;
+---------------------------------------------+-----------+
; Resource                                    ; Usage     ;
+---------------------------------------------+-----------+
; Estimate of Logic utilization (ALMs needed) ; 110       ;
;                                             ;           ;
; Combinational ALUT usage for logic          ; 207       ;
;     -- 7 input functions                    ; 0         ;
;     -- 6 input functions                    ; 11        ;
;     -- 5 input functions                    ; 10        ;
;     -- 4 input functions                    ; 36        ;
;     -- <=3 input functions                  ; 150       ;
;                                             ;           ;
; Dedicated logic registers                   ; 47        ;
;                                             ;           ;
; I/O pins                                    ; 68        ;
;                                             ;           ;
; Total DSP Blocks                            ; 0         ;
;                                             ;           ;
; Maximum fan-out node                        ; clk~input ;
; Maximum fan-out                             ; 47        ;
; Total fan-out                               ; 878       ;
; Average fan-out                             ; 2.25      ;
+---------------------------------------------+-----------+


+--------------------------------------------------------------------------------------------------------------------------------------------------------------------------------------------------------------------------------------------------------------------------------------------------------------------------------------+
; Analysis & Synthesis Resource Utilization by Entity                                                                                                                                                                                                                                                                                  ;
+-------------------------------------------+---------------------+---------------------------+-------------------+------------+------+--------------+--------------------------------------------------------------------------------------------------------------------------------------------+---------------------+--------------+
; Compilation Hierarchy Node                ; Combinational ALUTs ; Dedicated Logic Registers ; Block Memory Bits ; DSP Blocks ; Pins ; Virtual Pins ; Full Hierarchy Name                                                                                                                        ; Entity Name         ; Library Name ;
+-------------------------------------------+---------------------+---------------------------+-------------------+------------+------+--------------+--------------------------------------------------------------------------------------------------------------------------------------------+---------------------+--------------+
; |Stopwatch                                ; 207 (0)             ; 47 (0)                    ; 0                 ; 0          ; 68   ; 0            ; |Stopwatch                                                                                                                                 ; Stopwatch           ; work         ;
;    |Controller:Stopwatch_Controller|      ; 6 (6)               ; 4 (4)                     ; 0                 ; 0          ; 0    ; 0            ; |Stopwatch|Controller:Stopwatch_Controller                                                                                                 ; Controller          ; work         ;
;    |Lap_Register:Lap_Reg|                 ; 1 (1)               ; 10 (10)                   ; 0                 ; 0          ; 0    ; 0            ; |Stopwatch|Lap_Register:Lap_Reg                                                                                                            ; Lap_Register        ; work         ;
;    |Sec_Decoder:Current_Sec_Decoder|      ; 58 (0)              ; 0 (0)                     ; 0                 ; 0          ; 0    ; 0            ; |Stopwatch|Sec_Decoder:Current_Sec_Decoder                                                                                                 ; Sec_Decoder         ; work         ;
;       |lpm_divide:Div0|                   ; 27 (0)              ; 0 (0)                     ; 0                 ; 0          ; 0    ; 0            ; |Stopwatch|Sec_Decoder:Current_Sec_Decoder|lpm_divide:Div0                                                                                 ; lpm_divide          ; work         ;
;          |lpm_divide_3am:auto_generated|  ; 27 (0)              ; 0 (0)                     ; 0                 ; 0          ; 0    ; 0            ; |Stopwatch|Sec_Decoder:Current_Sec_Decoder|lpm_divide:Div0|lpm_divide_3am:auto_generated                                                   ; lpm_divide_3am      ; work         ;
;             |sign_div_unsign_9kh:divider| ; 27 (0)              ; 0 (0)                     ; 0                 ; 0          ; 0    ; 0            ; |Stopwatch|Sec_Decoder:Current_Sec_Decoder|lpm_divide:Div0|lpm_divide_3am:auto_generated|sign_div_unsign_9kh:divider                       ; sign_div_unsign_9kh ; work         ;
;                |alt_u_div_ose:divider|    ; 27 (27)             ; 0 (0)                     ; 0                 ; 0          ; 0    ; 0            ; |Stopwatch|Sec_Decoder:Current_Sec_Decoder|lpm_divide:Div0|lpm_divide_3am:auto_generated|sign_div_unsign_9kh:divider|alt_u_div_ose:divider ; alt_u_div_ose       ; work         ;
;       |lpm_divide:Mod0|                   ; 31 (0)              ; 0 (0)                     ; 0                 ; 0          ; 0    ; 0            ; |Stopwatch|Sec_Decoder:Current_Sec_Decoder|lpm_divide:Mod0                                                                                 ; lpm_divide          ; work         ;
;          |lpm_divide_62m:auto_generated|  ; 31 (0)              ; 0 (0)                     ; 0                 ; 0          ; 0    ; 0            ; |Stopwatch|Sec_Decoder:Current_Sec_Decoder|lpm_divide:Mod0|lpm_divide_62m:auto_generated                                                   ; lpm_divide_62m      ; work         ;
;             |sign_div_unsign_9kh:divider| ; 31 (0)              ; 0 (0)                     ; 0                 ; 0          ; 0    ; 0            ; |Stopwatch|Sec_Decoder:Current_Sec_Decoder|lpm_divide:Mod0|lpm_divide_62m:auto_generated|sign_div_unsign_9kh:divider                       ; sign_div_unsign_9kh ; work         ;
;                |alt_u_div_ose:divider|    ; 31 (31)             ; 0 (0)                     ; 0                 ; 0          ; 0    ; 0            ; |Stopwatch|Sec_Decoder:Current_Sec_Decoder|lpm_divide:Mod0|lpm_divide_62m:auto_generated|sign_div_unsign_9kh:divider|alt_u_div_ose:divider ; alt_u_div_ose       ; work         ;
;    |Sec_Decoder:Lap_Sec_Decoder|          ; 58 (0)              ; 0 (0)                     ; 0                 ; 0          ; 0    ; 0            ; |Stopwatch|Sec_Decoder:Lap_Sec_Decoder                                                                                                     ; Sec_Decoder         ; work         ;
;       |lpm_divide:Div0|                   ; 27 (0)              ; 0 (0)                     ; 0                 ; 0          ; 0    ; 0            ; |Stopwatch|Sec_Decoder:Lap_Sec_Decoder|lpm_divide:Div0                                                                                     ; lpm_divide          ; work         ;
;          |lpm_divide_3am:auto_generated|  ; 27 (0)              ; 0 (0)                     ; 0                 ; 0          ; 0    ; 0            ; |Stopwatch|Sec_Decoder:Lap_Sec_Decoder|lpm_divide:Div0|lpm_divide_3am:auto_generated                                                       ; lpm_divide_3am      ; work         ;
;             |sign_div_unsign_9kh:divider| ; 27 (0)              ; 0 (0)                     ; 0                 ; 0          ; 0    ; 0            ; |Stopwatch|Sec_Decoder:Lap_Sec_Decoder|lpm_divide:Div0|lpm_divide_3am:auto_generated|sign_div_unsign_9kh:divider                           ; sign_div_unsign_9kh ; work         ;
;                |alt_u_div_ose:divider|    ; 27 (27)             ; 0 (0)                     ; 0                 ; 0          ; 0    ; 0            ; |Stopwatch|Sec_Decoder:Lap_Sec_Decoder|lpm_divide:Div0|lpm_divide_3am:auto_generated|sign_div_unsign_9kh:divider|alt_u_div_ose:divider     ; alt_u_div_ose       ; work         ;
;       |lpm_divide:Mod0|                   ; 31 (0)              ; 0 (0)                     ; 0                 ; 0          ; 0    ; 0            ; |Stopwatch|Sec_Decoder:Lap_Sec_Decoder|lpm_divide:Mod0                                                                                     ; lpm_divide          ; work         ;
;          |lpm_divide_62m:auto_generated|  ; 31 (0)              ; 0 (0)                     ; 0                 ; 0          ; 0    ; 0            ; |Stopwatch|Sec_Decoder:Lap_Sec_Decoder|lpm_divide:Mod0|lpm_divide_62m:auto_generated                                                       ; lpm_divide_62m      ; work         ;
;             |sign_div_unsign_9kh:divider| ; 31 (0)              ; 0 (0)                     ; 0                 ; 0          ; 0    ; 0            ; |Stopwatch|Sec_Decoder:Lap_Sec_Decoder|lpm_divide:Mod0|lpm_divide_62m:auto_generated|sign_div_unsign_9kh:divider                           ; sign_div_unsign_9kh ; work         ;
;                |alt_u_div_ose:divider|    ; 31 (31)             ; 0 (0)                     ; 0                 ; 0          ; 0    ; 0            ; |Stopwatch|Sec_Decoder:Lap_Sec_Decoder|lpm_divide:Mod0|lpm_divide_62m:auto_generated|sign_div_unsign_9kh:divider|alt_u_div_ose:divider     ; alt_u_div_ose       ; work         ;
;    |Sev_Seg_Display:Lap_Display|          ; 20 (20)             ; 0 (0)                     ; 0                 ; 0          ; 0    ; 0            ; |Stopwatch|Sev_Seg_Display:Lap_Display                                                                                                     ; Sev_Seg_Display     ; work         ;
;    |Sev_Seg_Display:Sec_Display|          ; 20 (20)             ; 0 (0)                     ; 0                 ; 0          ; 0    ; 0            ; |Stopwatch|Sev_Seg_Display:Sec_Display                                                                                                     ; Sev_Seg_Display     ; work         ;
;    |Timer:Stopwatch_Timer|                ; 44 (44)             ; 33 (33)                   ; 0                 ; 0          ; 0    ; 0            ; |Stopwatch|Timer:Stopwatch_Timer                                                                                                           ; Timer               ; work         ;
+-------------------------------------------+---------------------+---------------------------+-------------------+------------+------+--------------+--------------------------------------------------------------------------------------------------------------------------------------------+---------------------+--------------+
Note: For table entries with two numbers listed, the numbers in parentheses indicate the number of resources of the given type used by the specific entity alone. The numbers listed outside of parentheses indicate the total resources of the given type used by the specific entity and all of its sub-entities in the hierarchy.


+------------------------------------------------------+
; General Register Statistics                          ;
+----------------------------------------------+-------+
; Statistic                                    ; Value ;
+----------------------------------------------+-------+
; Total registers                              ; 47    ;
; Number of registers using Synchronous Clear  ; 33    ;
; Number of registers using Synchronous Load   ; 0     ;
; Number of registers using Asynchronous Clear ; 0     ;
; Number of registers using Asynchronous Load  ; 0     ;
; Number of registers using Clock Enable       ; 43    ;
; Number of registers using Preset             ; 0     ;
+----------------------------------------------+-------+


+-------------------------------------------------------------------------------------------------------------------------------------------------------------+
; Multiplexer Restructuring Statistics (Restructuring Performed)                                                                                              ;
+--------------------+-----------+---------------+----------------------+------------------------+------------+-----------------------------------------------+
; Multiplexer Inputs ; Bus Width ; Baseline Area ; Area if Restructured ; Saving if Restructured ; Registered ; Example Multiplexer Output                    ;
+--------------------+-----------+---------------+----------------------+------------------------+------------+-----------------------------------------------+
; 3:1                ; 10 bits   ; 20 LEs        ; 0 LEs                ; 20 LEs                 ; Yes        ; |Stopwatch|Lap_Register:Lap_Reg|sec_out[1]    ;
; 4:1                ; 6 bits    ; 12 LEs        ; 12 LEs               ; 0 LEs                  ; Yes        ; |Stopwatch|Timer:Stopwatch_Timer|sec[4]       ;
; 4:1                ; 23 bits   ; 46 LEs        ; 0 LEs                ; 46 LEs                 ; Yes        ; |Stopwatch|Timer:Stopwatch_Timer|count[16]    ;
; 4:1                ; 4 bits    ; 8 LEs         ; 8 LEs                ; 0 LEs                  ; Yes        ; |Stopwatch|Timer:Stopwatch_Timer|tenth_sec[2] ;
+--------------------+-----------+---------------+----------------------+------------------------+------------+-----------------------------------------------+


+----------------------------------------------------------------------------------------------+
; Parameter Settings for Inferred Entity Instance: Sec_Decoder:Lap_Sec_Decoder|lpm_divide:Div0 ;
+------------------------+----------------+----------------------------------------------------+
; Parameter Name         ; Value          ; Type                                               ;
+------------------------+----------------+----------------------------------------------------+
; LPM_WIDTHN             ; 6              ; Untyped                                            ;
; LPM_WIDTHD             ; 4              ; Untyped                                            ;
; LPM_NREPRESENTATION    ; UNSIGNED       ; Untyped                                            ;
; LPM_DREPRESENTATION    ; UNSIGNED       ; Untyped                                            ;
; LPM_PIPELINE           ; 0              ; Untyped                                            ;
; LPM_REMAINDERPOSITIVE  ; TRUE           ; Untyped                                            ;
; MAXIMIZE_SPEED         ; 5              ; Untyped                                            ;
; CBXI_PARAMETER         ; lpm_divide_3am ; Untyped                                            ;
; CARRY_CHAIN            ; MANUAL         ; Untyped                                            ;
; OPTIMIZE_FOR_SPEED     ; 5              ; Untyped                                            ;
; AUTO_CARRY_CHAINS      ; ON             ; AUTO_CARRY                                         ;
; IGNORE_CARRY_BUFFERS   ; OFF            ; IGNORE_CARRY                                       ;
; AUTO_CASCADE_CHAINS    ; ON             ; AUTO_CASCADE                                       ;
; IGNORE_CASCADE_BUFFERS ; OFF            ; IGNORE_CASCADE                                     ;
+------------------------+----------------+----------------------------------------------------+
Note: In order to hide this table in the UI and the text report file, please set the "Show Parameter Settings in Synthesis Report" option in "Analysis and Synthesis Settings -> More Settings" to "Off".


+----------------------------------------------------------------------------------------------+
; Parameter Settings for Inferred Entity Instance: Sec_Decoder:Lap_Sec_Decoder|lpm_divide:Mod0 ;
+------------------------+----------------+----------------------------------------------------+
; Parameter Name         ; Value          ; Type                                               ;
+------------------------+----------------+----------------------------------------------------+
; LPM_WIDTHN             ; 6              ; Untyped                                            ;
; LPM_WIDTHD             ; 4              ; Untyped                                            ;
; LPM_NREPRESENTATION    ; UNSIGNED       ; Untyped                                            ;
; LPM_DREPRESENTATION    ; UNSIGNED       ; Untyped                                            ;
; LPM_PIPELINE           ; 0              ; Untyped                                            ;
; LPM_REMAINDERPOSITIVE  ; TRUE           ; Untyped                                            ;
; MAXIMIZE_SPEED         ; 5              ; Untyped                                            ;
; CBXI_PARAMETER         ; lpm_divide_62m ; Untyped                                            ;
; CARRY_CHAIN            ; MANUAL         ; Untyped                                            ;
; OPTIMIZE_FOR_SPEED     ; 5              ; Untyped                                            ;
; AUTO_CARRY_CHAINS      ; ON             ; AUTO_CARRY                                         ;
; IGNORE_CARRY_BUFFERS   ; OFF            ; IGNORE_CARRY                                       ;
; AUTO_CASCADE_CHAINS    ; ON             ; AUTO_CASCADE                                       ;
; IGNORE_CASCADE_BUFFERS ; OFF            ; IGNORE_CASCADE                                     ;
+------------------------+----------------+----------------------------------------------------+
Note: In order to hide this table in the UI and the text report file, please set the "Show Parameter Settings in Synthesis Report" option in "Analysis and Synthesis Settings -> More Settings" to "Off".


+--------------------------------------------------------------------------------------------------+
; Parameter Settings for Inferred Entity Instance: Sec_Decoder:Current_Sec_Decoder|lpm_divide:Div0 ;
+------------------------+----------------+--------------------------------------------------------+
; Parameter Name         ; Value          ; Type                                                   ;
+------------------------+----------------+--------------------------------------------------------+
; LPM_WIDTHN             ; 6              ; Untyped                                                ;
; LPM_WIDTHD             ; 4              ; Untyped                                                ;
; LPM_NREPRESENTATION    ; UNSIGNED       ; Untyped                                                ;
; LPM_DREPRESENTATION    ; UNSIGNED       ; Untyped                                                ;
; LPM_PIPELINE           ; 0              ; Untyped                                                ;
; LPM_REMAINDERPOSITIVE  ; TRUE           ; Untyped                                                ;
; MAXIMIZE_SPEED         ; 5              ; Untyped                                                ;
; CBXI_PARAMETER         ; lpm_divide_3am ; Untyped                                                ;
; CARRY_CHAIN            ; MANUAL         ; Untyped                                                ;
; OPTIMIZE_FOR_SPEED     ; 5              ; Untyped                                                ;
; AUTO_CARRY_CHAINS      ; ON             ; AUTO_CARRY                                             ;
; IGNORE_CARRY_BUFFERS   ; OFF            ; IGNORE_CARRY                                           ;
; AUTO_CASCADE_CHAINS    ; ON             ; AUTO_CASCADE                                           ;
; IGNORE_CASCADE_BUFFERS ; OFF            ; IGNORE_CASCADE                                         ;
+------------------------+----------------+--------------------------------------------------------+
Note: In order to hide this table in the UI and the text report file, please set the "Show Parameter Settings in Synthesis Report" option in "Analysis and Synthesis Settings -> More Settings" to "Off".


+--------------------------------------------------------------------------------------------------+
; Parameter Settings for Inferred Entity Instance: Sec_Decoder:Current_Sec_Decoder|lpm_divide:Mod0 ;
+------------------------+----------------+--------------------------------------------------------+
; Parameter Name         ; Value          ; Type                                                   ;
+------------------------+----------------+--------------------------------------------------------+
; LPM_WIDTHN             ; 6              ; Untyped                                                ;
; LPM_WIDTHD             ; 4              ; Untyped                                                ;
; LPM_NREPRESENTATION    ; UNSIGNED       ; Untyped                                                ;
; LPM_DREPRESENTATION    ; UNSIGNED       ; Untyped                                                ;
; LPM_PIPELINE           ; 0              ; Untyped                                                ;
; LPM_REMAINDERPOSITIVE  ; TRUE           ; Untyped                                                ;
; MAXIMIZE_SPEED         ; 5              ; Untyped                                                ;
; CBXI_PARAMETER         ; lpm_divide_62m ; Untyped                                                ;
; CARRY_CHAIN            ; MANUAL         ; Untyped                                                ;
; OPTIMIZE_FOR_SPEED     ; 5              ; Untyped                                                ;
; AUTO_CARRY_CHAINS      ; ON             ; AUTO_CARRY                                             ;
; IGNORE_CARRY_BUFFERS   ; OFF            ; IGNORE_CARRY                                           ;
; AUTO_CASCADE_CHAINS    ; ON             ; AUTO_CASCADE                                           ;
; IGNORE_CASCADE_BUFFERS ; OFF            ; IGNORE_CASCADE                                         ;
+------------------------+----------------+--------------------------------------------------------+
Note: In order to hide this table in the UI and the text report file, please set the "Show Parameter Settings in Synthesis Report" option in "Analysis and Synthesis Settings -> More Settings" to "Off".


+--------------------------------------------------------------------------------------------------------------------------------------+
; Port Connectivity Checks: "Controller:Stopwatch_Controller"                                                                          ;
+-------+--------+----------+----------------------------------------------------------------------------------------------------------+
; Port  ; Type   ; Severity ; Details                                                                                                  ;
+-------+--------+----------+----------------------------------------------------------------------------------------------------------+
; state ; Output ; Warning  ; Declared by entity but not connected by instance. Logic that only feeds a dangling port will be removed. ;
+-------+--------+----------+----------------------------------------------------------------------------------------------------------+


+-----------------------------------------------------+
; Post-Synthesis Netlist Statistics for Top Partition ;
+-----------------------+-----------------------------+
; Type                  ; Count                       ;
+-----------------------+-----------------------------+
; arriav_ff             ; 47                          ;
;     ENA               ; 10                          ;
;     ENA SCLR          ; 33                          ;
;     plain             ; 4                           ;
; arriav_lcell_comb     ; 221                         ;
;     arith             ; 79                          ;
;         0 data inputs ; 16                          ;
;         1 data inputs ; 31                          ;
;         2 data inputs ; 8                           ;
;         3 data inputs ; 20                          ;
;         4 data inputs ; 4                           ;
;     normal            ; 122                         ;
;         0 data inputs ; 2                           ;
;         1 data inputs ; 12                          ;
;         2 data inputs ; 36                          ;
;         3 data inputs ; 19                          ;
;         4 data inputs ; 32                          ;
;         5 data inputs ; 10                          ;
;         6 data inputs ; 11                          ;
;     shared            ; 20                          ;
;         0 data inputs ; 4                           ;
;         1 data inputs ; 16                          ;
; boundary_port         ; 68                          ;
;                       ;                             ;
; Max LUT depth         ; 8.10                        ;
; Average LUT depth     ; 5.12                        ;
+-----------------------+-----------------------------+


+-------------------------------+
; Elapsed Time Per Partition    ;
+----------------+--------------+
; Partition Name ; Elapsed Time ;
+----------------+--------------+
; Top            ; 00:00:01     ;
+----------------+--------------+


+-------------------------------+
; Analysis & Synthesis Messages ;
+-------------------------------+
Info: *******************************************************************
Info: Running Quartus Prime Analysis & Synthesis
    Info: Version 18.1.0 Build 625 09/12/2018 SJ Lite Edition
    Info: Processing started: Mon May 23 11:52:09 2022
Info: Command: quartus_map --read_settings_files=on --write_settings_files=off Stopwatch -c Stopwatch
Warning (18236): Number of processors has not been specified which may cause overloading on shared machines.  Set the global assignment NUM_PARALLEL_PROCESSORS in your QSF to an appropriate value for best performance.
Info (20030): Parallel compilation is enabled and will use 4 of the 4 processors detected
Info (12021): Found 1 design units, including 1 entities, in source file timer.sv
    Info (12023): Found entity 1: Timer File: C:/Users/Thinh Nguyen/OneDrive - RMIT University/EEET2475_s3818343_s3804791_Assignment/Quartus_Projects/Stopwatch/Stopwatch_Top_Level/Timer.sv Line: 1
Info (12021): Found 1 design units, including 1 entities, in source file sev_seg_display.sv
    Info (12023): Found entity 1: Sev_Seg_Display File: C:/Users/Thinh Nguyen/OneDrive - RMIT University/EEET2475_s3818343_s3804791_Assignment/Quartus_Projects/Stopwatch/Stopwatch_Top_Level/Sev_Seg_Display.sv Line: 1
Info (12021): Found 1 design units, including 1 entities, in source file sec_decoder.sv
    Info (12023): Found entity 1: Sec_Decoder File: C:/Users/Thinh Nguyen/OneDrive - RMIT University/EEET2475_s3818343_s3804791_Assignment/Quartus_Projects/Stopwatch/Stopwatch_Top_Level/Sec_Decoder.sv Line: 1
Info (12021): Found 1 design units, including 1 entities, in source file lap_register.sv
    Info (12023): Found entity 1: Lap_Register File: C:/Users/Thinh Nguyen/OneDrive - RMIT University/EEET2475_s3818343_s3804791_Assignment/Quartus_Projects/Stopwatch/Stopwatch_Top_Level/Lap_Register.sv Line: 1
Info (12021): Found 1 design units, including 1 entities, in source file controller.sv
    Info (12023): Found entity 1: Controller File: C:/Users/Thinh Nguyen/OneDrive - RMIT University/EEET2475_s3818343_s3804791_Assignment/Quartus_Projects/Stopwatch/Stopwatch_Top_Level/Controller.sv Line: 1
Info (12021): Found 1 design units, including 1 entities, in source file stopwatch.sv
    Info (12023): Found entity 1: Stopwatch File: C:/Users/Thinh Nguyen/OneDrive - RMIT University/EEET2475_s3818343_s3804791_Assignment/Quartus_Projects/Stopwatch/Stopwatch_Top_Level/Stopwatch.sv Line: 1
Info (12127): Elaborating entity "Stopwatch" for the top level hierarchy
Info (12128): Elaborating entity "Controller" for hierarchy "Controller:Stopwatch_Controller" File: C:/Users/Thinh Nguyen/OneDrive - RMIT University/EEET2475_s3818343_s3804791_Assignment/Quartus_Projects/Stopwatch/Stopwatch_Top_Level/Stopwatch.sv Line: 19
Warning (10230): Verilog HDL assignment warning at Controller.sv(31): truncated value with size 32 to match size of target (2) File: C:/Users/Thinh Nguyen/OneDrive - RMIT University/EEET2475_s3818343_s3804791_Assignment/Quartus_Projects/Stopwatch/Stopwatch_Top_Level/Controller.sv Line: 31
Warning (10230): Verilog HDL assignment warning at Controller.sv(40): truncated value with size 32 to match size of target (2) File: C:/Users/Thinh Nguyen/OneDrive - RMIT University/EEET2475_s3818343_s3804791_Assignment/Quartus_Projects/Stopwatch/Stopwatch_Top_Level/Controller.sv Line: 40
Warning (10230): Verilog HDL assignment warning at Controller.sv(41): truncated value with size 32 to match size of target (2) File: C:/Users/Thinh Nguyen/OneDrive - RMIT University/EEET2475_s3818343_s3804791_Assignment/Quartus_Projects/Stopwatch/Stopwatch_Top_Level/Controller.sv Line: 41
Warning (10230): Verilog HDL assignment warning at Controller.sv(45): truncated value with size 32 to match size of target (2) File: C:/Users/Thinh Nguyen/OneDrive - RMIT University/EEET2475_s3818343_s3804791_Assignment/Quartus_Projects/Stopwatch/Stopwatch_Top_Level/Controller.sv Line: 45
Warning (10230): Verilog HDL assignment warning at Controller.sv(46): truncated value with size 32 to match size of target (2) File: C:/Users/Thinh Nguyen/OneDrive - RMIT University/EEET2475_s3818343_s3804791_Assignment/Quartus_Projects/Stopwatch/Stopwatch_Top_Level/Controller.sv Line: 46
Warning (10230): Verilog HDL assignment warning at Controller.sv(47): truncated value with size 32 to match size of target (2) File: C:/Users/Thinh Nguyen/OneDrive - RMIT University/EEET2475_s3818343_s3804791_Assignment/Quartus_Projects/Stopwatch/Stopwatch_Top_Level/Controller.sv Line: 47
Warning (10230): Verilog HDL assignment warning at Controller.sv(51): truncated value with size 32 to match size of target (2) File: C:/Users/Thinh Nguyen/OneDrive - RMIT University/EEET2475_s3818343_s3804791_Assignment/Quartus_Projects/Stopwatch/Stopwatch_Top_Level/Controller.sv Line: 51
Warning (10230): Verilog HDL assignment warning at Controller.sv(52): truncated value with size 32 to match size of target (2) File: C:/Users/Thinh Nguyen/OneDrive - RMIT University/EEET2475_s3818343_s3804791_Assignment/Quartus_Projects/Stopwatch/Stopwatch_Top_Level/Controller.sv Line: 52
Warning (10230): Verilog HDL assignment warning at Controller.sv(53): truncated value with size 32 to match size of target (2) File: C:/Users/Thinh Nguyen/OneDrive - RMIT University/EEET2475_s3818343_s3804791_Assignment/Quartus_Projects/Stopwatch/Stopwatch_Top_Level/Controller.sv Line: 53
Warning (10230): Verilog HDL assignment warning at Controller.sv(55): truncated value with size 32 to match size of target (2) File: C:/Users/Thinh Nguyen/OneDrive - RMIT University/EEET2475_s3818343_s3804791_Assignment/Quartus_Projects/Stopwatch/Stopwatch_Top_Level/Controller.sv Line: 55
Warning (10230): Verilog HDL assignment warning at Controller.sv(56): truncated value with size 32 to match size of target (2) File: C:/Users/Thinh Nguyen/OneDrive - RMIT University/EEET2475_s3818343_s3804791_Assignment/Quartus_Projects/Stopwatch/Stopwatch_Top_Level/Controller.sv Line: 56
Info (12128): Elaborating entity "Timer" for hierarchy "Timer:Stopwatch_Timer" File: C:/Users/Thinh Nguyen/OneDrive - RMIT University/EEET2475_s3818343_s3804791_Assignment/Quartus_Projects/Stopwatch/Stopwatch_Top_Level/Stopwatch.sv Line: 26
Info (12128): Elaborating entity "Lap_Register" for hierarchy "Lap_Register:Lap_Reg" File: C:/Users/Thinh Nguyen/OneDrive - RMIT University/EEET2475_s3818343_s3804791_Assignment/Quartus_Projects/Stopwatch/Stopwatch_Top_Level/Stopwatch.sv Line: 35
Info (12128): Elaborating entity "Sec_Decoder" for hierarchy "Sec_Decoder:Current_Sec_Decoder" File: C:/Users/Thinh Nguyen/OneDrive - RMIT University/EEET2475_s3818343_s3804791_Assignment/Quartus_Projects/Stopwatch/Stopwatch_Top_Level/Stopwatch.sv Line: 40
Warning (10230): Verilog HDL assignment warning at Sec_Decoder.sv(7): truncated value with size 6 to match size of target (3) File: C:/Users/Thinh Nguyen/OneDrive - RMIT University/EEET2475_s3818343_s3804791_Assignment/Quartus_Projects/Stopwatch/Stopwatch_Top_Level/Sec_Decoder.sv Line: 7
Warning (10230): Verilog HDL assignment warning at Sec_Decoder.sv(8): truncated value with size 6 to match size of target (4) File: C:/Users/Thinh Nguyen/OneDrive - RMIT University/EEET2475_s3818343_s3804791_Assignment/Quartus_Projects/Stopwatch/Stopwatch_Top_Level/Sec_Decoder.sv Line: 8
Info (12128): Elaborating entity "Sev_Seg_Display" for hierarchy "Sev_Seg_Display:Sec_Display" File: C:/Users/Thinh Nguyen/OneDrive - RMIT University/EEET2475_s3818343_s3804791_Assignment/Quartus_Projects/Stopwatch/Stopwatch_Top_Level/Stopwatch.sv Line: 51
Info (278001): Inferred 4 megafunctions from design logic
    Info (278004): Inferred divider/modulo megafunction ("lpm_divide") from the following logic: "Sec_Decoder:Lap_Sec_Decoder|Div0" File: C:/Users/Thinh Nguyen/OneDrive - RMIT University/EEET2475_s3818343_s3804791_Assignment/Quartus_Projects/Stopwatch/Stopwatch_Top_Level/Sec_Decoder.sv Line: 7
    Info (278004): Inferred divider/modulo megafunction ("lpm_divide") from the following logic: "Sec_Decoder:Lap_Sec_Decoder|Mod0" File: C:/Users/Thinh Nguyen/OneDrive - RMIT University/EEET2475_s3818343_s3804791_Assignment/Quartus_Projects/Stopwatch/Stopwatch_Top_Level/Sec_Decoder.sv Line: 8
    Info (278004): Inferred divider/modulo megafunction ("lpm_divide") from the following logic: "Sec_Decoder:Current_Sec_Decoder|Div0" File: C:/Users/Thinh Nguyen/OneDrive - RMIT University/EEET2475_s3818343_s3804791_Assignment/Quartus_Projects/Stopwatch/Stopwatch_Top_Level/Sec_Decoder.sv Line: 7
    Info (278004): Inferred divider/modulo megafunction ("lpm_divide") from the following logic: "Sec_Decoder:Current_Sec_Decoder|Mod0" File: C:/Users/Thinh Nguyen/OneDrive - RMIT University/EEET2475_s3818343_s3804791_Assignment/Quartus_Projects/Stopwatch/Stopwatch_Top_Level/Sec_Decoder.sv Line: 8
Info (12130): Elaborated megafunction instantiation "Sec_Decoder:Lap_Sec_Decoder|lpm_divide:Div0" File: C:/Users/Thinh Nguyen/OneDrive - RMIT University/EEET2475_s3818343_s3804791_Assignment/Quartus_Projects/Stopwatch/Stopwatch_Top_Level/Sec_Decoder.sv Line: 7
Info (12133): Instantiated megafunction "Sec_Decoder:Lap_Sec_Decoder|lpm_divide:Div0" with the following parameter: File: C:/Users/Thinh Nguyen/OneDrive - RMIT University/EEET2475_s3818343_s3804791_Assignment/Quartus_Projects/Stopwatch/Stopwatch_Top_Level/Sec_Decoder.sv Line: 7
    Info (12134): Parameter "LPM_WIDTHN" = "6"
    Info (12134): Parameter "LPM_WIDTHD" = "4"
    Info (12134): Parameter "LPM_NREPRESENTATION" = "UNSIGNED"
    Info (12134): Parameter "LPM_DREPRESENTATION" = "UNSIGNED"
Info (12021): Found 1 design units, including 1 entities, in source file db/lpm_divide_3am.tdf
    Info (12023): Found entity 1: lpm_divide_3am File: C:/Users/Thinh Nguyen/OneDrive - RMIT University/EEET2475_s3818343_s3804791_Assignment/Quartus_Projects/Stopwatch/Stopwatch_Top_Level/db/lpm_divide_3am.tdf Line: 24
Info (12021): Found 1 design units, including 1 entities, in source file db/sign_div_unsign_9kh.tdf
    Info (12023): Found entity 1: sign_div_unsign_9kh File: C:/Users/Thinh Nguyen/OneDrive - RMIT University/EEET2475_s3818343_s3804791_Assignment/Quartus_Projects/Stopwatch/Stopwatch_Top_Level/db/sign_div_unsign_9kh.tdf Line: 24
Info (12021): Found 1 design units, including 1 entities, in source file db/alt_u_div_ose.tdf
    Info (12023): Found entity 1: alt_u_div_ose File: C:/Users/Thinh Nguyen/OneDrive - RMIT University/EEET2475_s3818343_s3804791_Assignment/Quartus_Projects/Stopwatch/Stopwatch_Top_Level/db/alt_u_div_ose.tdf Line: 22
Info (12130): Elaborated megafunction instantiation "Sec_Decoder:Lap_Sec_Decoder|lpm_divide:Mod0" File: C:/Users/Thinh Nguyen/OneDrive - RMIT University/EEET2475_s3818343_s3804791_Assignment/Quartus_Projects/Stopwatch/Stopwatch_Top_Level/Sec_Decoder.sv Line: 8
Info (12133): Instantiated megafunction "Sec_Decoder:Lap_Sec_Decoder|lpm_divide:Mod0" with the following parameter: File: C:/Users/Thinh Nguyen/OneDrive - RMIT University/EEET2475_s3818343_s3804791_Assignment/Quartus_Projects/Stopwatch/Stopwatch_Top_Level/Sec_Decoder.sv Line: 8
    Info (12134): Parameter "LPM_WIDTHN" = "6"
    Info (12134): Parameter "LPM_WIDTHD" = "4"
    Info (12134): Parameter "LPM_NREPRESENTATION" = "UNSIGNED"
    Info (12134): Parameter "LPM_DREPRESENTATION" = "UNSIGNED"
Info (12021): Found 1 design units, including 1 entities, in source file db/lpm_divide_62m.tdf
    Info (12023): Found entity 1: lpm_divide_62m File: C:/Users/Thinh Nguyen/OneDrive - RMIT University/EEET2475_s3818343_s3804791_Assignment/Quartus_Projects/Stopwatch/Stopwatch_Top_Level/db/lpm_divide_62m.tdf Line: 24
Warning (12241): 1 hierarchies have connectivity warnings - see the Connectivity Checks report folder
Warning (13024): Output pins are stuck at VCC or GND
    Warning (13410): Pin "HEX[7][7]" is stuck at VCC File: C:/Users/Thinh Nguyen/OneDrive - RMIT University/EEET2475_s3818343_s3804791_Assignment/Quartus_Projects/Stopwatch/Stopwatch_Top_Level/Stopwatch.sv Line: 1
    Warning (13410): Pin "HEX[6][7]" is stuck at VCC File: C:/Users/Thinh Nguyen/OneDrive - RMIT University/EEET2475_s3818343_s3804791_Assignment/Quartus_Projects/Stopwatch/Stopwatch_Top_Level/Stopwatch.sv Line: 1
    Warning (13410): Pin "HEX[5][0]" is stuck at VCC File: C:/Users/Thinh Nguyen/OneDrive - RMIT University/EEET2475_s3818343_s3804791_Assignment/Quartus_Projects/Stopwatch/Stopwatch_Top_Level/Stopwatch.sv Line: 1
    Warning (13410): Pin "HEX[5][1]" is stuck at VCC File: C:/Users/Thinh Nguyen/OneDrive - RMIT University/EEET2475_s3818343_s3804791_Assignment/Quartus_Projects/Stopwatch/Stopwatch_Top_Level/Stopwatch.sv Line: 1
    Warning (13410): Pin "HEX[5][2]" is stuck at VCC File: C:/Users/Thinh Nguyen/OneDrive - RMIT University/EEET2475_s3818343_s3804791_Assignment/Quartus_Projects/Stopwatch/Stopwatch_Top_Level/Stopwatch.sv Line: 1
    Warning (13410): Pin "HEX[5][3]" is stuck at VCC File: C:/Users/Thinh Nguyen/OneDrive - RMIT University/EEET2475_s3818343_s3804791_Assignment/Quartus_Projects/Stopwatch/Stopwatch_Top_Level/Stopwatch.sv Line: 1
    Warning (13410): Pin "HEX[5][4]" is stuck at VCC File: C:/Users/Thinh Nguyen/OneDrive - RMIT University/EEET2475_s3818343_s3804791_Assignment/Quartus_Projects/Stopwatch/Stopwatch_Top_Level/Stopwatch.sv Line: 1
    Warning (13410): Pin "HEX[5][5]" is stuck at VCC File: C:/Users/Thinh Nguyen/OneDrive - RMIT University/EEET2475_s3818343_s3804791_Assignment/Quartus_Projects/Stopwatch/Stopwatch_Top_Level/Stopwatch.sv Line: 1
    Warning (13410): Pin "HEX[5][6]" is stuck at VCC File: C:/Users/Thinh Nguyen/OneDrive - RMIT University/EEET2475_s3818343_s3804791_Assignment/Quartus_Projects/Stopwatch/Stopwatch_Top_Level/Stopwatch.sv Line: 1
    Warning (13410): Pin "HEX[5][7]" is stuck at GND File: C:/Users/Thinh Nguyen/OneDrive - RMIT University/EEET2475_s3818343_s3804791_Assignment/Quartus_Projects/Stopwatch/Stopwatch_Top_Level/Stopwatch.sv Line: 1
    Warning (13410): Pin "HEX[4][7]" is stuck at VCC File: C:/Users/Thinh Nguyen/OneDrive - RMIT University/EEET2475_s3818343_s3804791_Assignment/Quartus_Projects/Stopwatch/Stopwatch_Top_Level/Stopwatch.sv Line: 1
    Warning (13410): Pin "HEX[3][7]" is stuck at VCC File: C:/Users/Thinh Nguyen/OneDrive - RMIT University/EEET2475_s3818343_s3804791_Assignment/Quartus_Projects/Stopwatch/Stopwatch_Top_Level/Stopwatch.sv Line: 1
    Warning (13410): Pin "HEX[2][7]" is stuck at VCC File: C:/Users/Thinh Nguyen/OneDrive - RMIT University/EEET2475_s3818343_s3804791_Assignment/Quartus_Projects/Stopwatch/Stopwatch_Top_Level/Stopwatch.sv Line: 1
    Warning (13410): Pin "HEX[1][0]" is stuck at VCC File: C:/Users/Thinh Nguyen/OneDrive - RMIT University/EEET2475_s3818343_s3804791_Assignment/Quartus_Projects/Stopwatch/Stopwatch_Top_Level/Stopwatch.sv Line: 1
    Warning (13410): Pin "HEX[1][1]" is stuck at VCC File: C:/Users/Thinh Nguyen/OneDrive - RMIT University/EEET2475_s3818343_s3804791_Assignment/Quartus_Projects/Stopwatch/Stopwatch_Top_Level/Stopwatch.sv Line: 1
    Warning (13410): Pin "HEX[1][2]" is stuck at VCC File: C:/Users/Thinh Nguyen/OneDrive - RMIT University/EEET2475_s3818343_s3804791_Assignment/Quartus_Projects/Stopwatch/Stopwatch_Top_Level/Stopwatch.sv Line: 1
    Warning (13410): Pin "HEX[1][3]" is stuck at VCC File: C:/Users/Thinh Nguyen/OneDrive - RMIT University/EEET2475_s3818343_s3804791_Assignment/Quartus_Projects/Stopwatch/Stopwatch_Top_Level/Stopwatch.sv Line: 1
    Warning (13410): Pin "HEX[1][4]" is stuck at VCC File: C:/Users/Thinh Nguyen/OneDrive - RMIT University/EEET2475_s3818343_s3804791_Assignment/Quartus_Projects/Stopwatch/Stopwatch_Top_Level/Stopwatch.sv Line: 1
    Warning (13410): Pin "HEX[1][5]" is stuck at VCC File: C:/Users/Thinh Nguyen/OneDrive - RMIT University/EEET2475_s3818343_s3804791_Assignment/Quartus_Projects/Stopwatch/Stopwatch_Top_Level/Stopwatch.sv Line: 1
    Warning (13410): Pin "HEX[1][6]" is stuck at VCC File: C:/Users/Thinh Nguyen/OneDrive - RMIT University/EEET2475_s3818343_s3804791_Assignment/Quartus_Projects/Stopwatch/Stopwatch_Top_Level/Stopwatch.sv Line: 1
    Warning (13410): Pin "HEX[1][7]" is stuck at GND File: C:/Users/Thinh Nguyen/OneDrive - RMIT University/EEET2475_s3818343_s3804791_Assignment/Quartus_Projects/Stopwatch/Stopwatch_Top_Level/Stopwatch.sv Line: 1
    Warning (13410): Pin "HEX[0][7]" is stuck at VCC File: C:/Users/Thinh Nguyen/OneDrive - RMIT University/EEET2475_s3818343_s3804791_Assignment/Quartus_Projects/Stopwatch/Stopwatch_Top_Level/Stopwatch.sv Line: 1
Info (286030): Timing-Driven Synthesis is running
Info (144001): Generated suppressed messages file C:/Users/Thinh Nguyen/OneDrive - RMIT University/EEET2475_s3818343_s3804791_Assignment/Quartus_Projects/Stopwatch/Stopwatch_Top_Level/output_files/Stopwatch.map.smsg
Info (16010): Generating hard_block partition "hard_block:auto_generated_inst"
    Info (16011): Adding 0 node(s), including 0 DDIO, 0 PLL, 0 transceiver and 0 LCELL
Info (21057): Implemented 285 device resources after synthesis - the final resource count might be different
    Info (21058): Implemented 4 input pins
    Info (21059): Implemented 64 output pins
    Info (21061): Implemented 217 logic cells
Info: Quartus Prime Analysis & Synthesis was successful. 0 errors, 38 warnings
    Info: Peak virtual memory: 4822 megabytes
    Info: Processing ended: Mon May 23 11:52:25 2022
    Info: Elapsed time: 00:00:16
    Info: Total CPU time (on all processors): 00:00:30


+------------------------------------------+
; Analysis & Synthesis Suppressed Messages ;
+------------------------------------------+
The suppressed messages can be found in C:/Users/Thinh Nguyen/OneDrive - RMIT University/EEET2475_s3818343_s3804791_Assignment/Quartus_Projects/Stopwatch/Stopwatch_Top_Level/output_files/Stopwatch.map.smsg.


